<?xml version="1.0" encoding="utf-8"?><testsuites name="pytest tests"><testsuite name="pytest" errors="0" failures="0" skipped="0" tests="23" time="3.081" timestamp="2026-06-01T15:59:23.162556+00:00" hostname="agent-env-0fd5b222-9754-4d49-9d3b-92ced76e3707"><testcase classname="backend.tests.test_camera_hub.TestSystem" name="test_health" time="0.004" /><testcase classname="backend.tests.test_camera_hub.TestSystem" name="test_system_status" time="0.086" /><testcase classname="backend.tests.test_camera_hub.TestCamerasSeed" name="test_list_cameras" time="0.065" /><testcase classname="backend.tests.test_camera_hub.TestCameraCRUD" name="test_create" time="0.160" /><testcase classname="backend.tests.test_camera_hub.TestCameraCRUD" name="test_update" time="0.087" /><testcase classname="backend.tests.test_camera_hub.TestCameraCRUD" name="test_delete" time="0.109" /><testcase classname="backend.tests.test_camera_hub.TestSnapshot" name="test_snapshot_live" time="0.419" /><testcase classname="backend.tests.test_camera_hub.TestSnapshot" name="test_snapshot_offline_cloud" time="0.090" /><testcase classname="backend.tests.test_camera_hub.TestPTZ" name="test_ptz_rotatable_demo" time="0.110" /><testcase classname="backend.tests.test_camera_hub.TestPTZ" name="test_ptz_indoor_rejected" time="0.117" /><testcase classname="backend.tests.test_camera_hub.TestRecordings" name="test_create_recording" time="0.376" /><testcase classname="backend.tests.test_camera_hub.TestRecordings" name="test_list_recordings" time="0.045" /><testcase classname="backend.tests.test_camera_hub.TestRecordings" name="test_delete_recording" time="0.043" /><testcase classname="backend.tests.test_camera_hub.TestMotion" name="test_list_seed" time="0.044" /><testcase classname="backend.tests.test_camera_hub.TestMotion" name="test_simulate" time="0.378" /><testcase classname="backend.tests.test_camera_hub.TestMotion" name="test_ack" time="0.044" /><testcase classname="backend.tests.test_camera_hub.TestMotion" name="test_snapshot" time="0.044" /><testcase classname="backend.tests.test_camera_hub.TestMotion" name="test_delete" time="0.045" /><testcase classname="backend.tests.test_camera_hub.TestSettings" name="test_get" time="0.044" /><testcase classname="backend.tests.test_camera_hub.TestSettings" name="test_put_persists" time="0.087" /><testcase classname="backend.tests.test_camera_hub.TestTuya" name="test_status" time="0.045" /><testcase classname="backend.tests.test_camera_hub.TestTuya" name="test_test_unconfigured" time="0.044" /><testcase classname="backend.tests.test_camera_hub.TestWebSocket" name="test_ws_proxy_demo_entrance" time="0.516" /></testsuite></testsuites>